2026-02-18 10:52:27 [main] INFO  api.test.DDTests - ****** Creating User********
2026-02-18 10:52:31 [main] INFO  api.test.DDTests - ********User Created***********
2026-02-18 10:52:31 [main] INFO  api.test.DDTests - ****** Creating User********
2026-02-18 10:52:31 [main] INFO  api.test.DDTests - ********User Created***********
2026-02-18 10:52:31 [main] INFO  api.test.DDTests - ****** Creating User********
2026-02-18 10:52:31 [main] INFO  api.test.DDTests - ********User Created***********
2026-02-18 10:55:22 [main] INFO  api.test.DDTests - ****** Creating User********
2026-02-18 10:55:25 [main] INFO  api.test.DDTests - ********User Created***********
2026-02-18 10:55:25 [main] INFO  api.test.DDTests - ****** Creating User********
2026-02-18 10:55:25 [main] INFO  api.test.DDTests - ********User Created***********
2026-02-18 10:55:25 [main] INFO  api.test.DDTests - ****** Creating User********
2026-02-18 10:55:25 [main] INFO  api.test.DDTests - ********User Created***********
2026-02-18 10:55:26 [main] INFO  api.test.DDTests - *************Getting user*************
2026-02-18 10:55:26 [main] INFO  api.test.DDTests - *************Got user Info*************
2026-02-18 10:55:26 [main] INFO  api.test.DDTests - *************Getting user*************
2026-02-18 10:55:26 [main] INFO  api.test.DDTests - *************Got user Info*************
2026-02-18 10:55:26 [main] INFO  api.test.DDTests - *************Getting user*************
2026-02-18 10:55:26 [main] INFO  api.test.DDTests - *************Got user Info*************
2026-02-18 10:55:27 [main] INFO  api.test.DDTests - *************Deleting user*************
2026-02-18 10:55:27 [main] INFO  api.test.DDTests - *************User Deleted*************
2026-02-18 10:55:27 [main] INFO  api.test.DDTests - *************Deleting user*************
2026-02-18 10:55:27 [main] INFO  api.test.DDTests - *************User Deleted*************
2026-02-18 10:55:27 [main] INFO  api.test.DDTests - *************Deleting user*************
2026-02-18 10:55:27 [main] INFO  api.test.DDTests - *************User Deleted*************
2026-02-18 11:48:09 [main] INFO  api.test.DDTests - ****** Creating User********
2026-02-18 11:48:12 [main] INFO  api.test.DDTests - ********User Created***********
2026-02-18 11:48:12 [main] INFO  api.test.DDTests - ****** Creating User********
2026-02-18 11:48:12 [main] INFO  api.test.DDTests - ********User Created***********
2026-02-18 11:48:12 [main] INFO  api.test.DDTests - ****** Creating User********
2026-02-18 11:48:12 [main] INFO  api.test.DDTests - ********User Created***********
2026-02-18 11:48:13 [main] INFO  api.test.DDTests - *************Getting user*************
2026-02-18 11:48:13 [main] INFO  api.test.DDTests - *************Got user Info*************
2026-02-18 11:48:13 [main] INFO  api.test.DDTests - *************Getting user*************
2026-02-18 11:48:13 [main] INFO  api.test.DDTests - *************Got user Info*************
2026-02-18 11:48:13 [main] INFO  api.test.DDTests - *************Getting user*************
2026-02-18 11:48:13 [main] INFO  api.test.DDTests - *************Got user Info*************
2026-02-18 11:48:13 [main] INFO  api.test.DDTests - *************Deleting user*************
2026-02-18 11:48:14 [main] INFO  api.test.DDTests - *************User Deleted*************
2026-02-18 11:48:14 [main] INFO  api.test.DDTests - *************Deleting user*************
2026-02-18 11:48:14 [main] INFO  api.test.DDTests - *************User Deleted*************
2026-02-18 11:48:14 [main] INFO  api.test.DDTests - *************Deleting user*************
2026-02-18 11:48:14 [main] INFO  api.test.DDTests - *************User Deleted*************
2026-02-18 12:16:27 [main] INFO  api.test.DDTests - ****** Creating User********
2026-02-18 12:16:30 [main] INFO  api.test.DDTests - ********User Created***********
2026-02-18 12:16:30 [main] INFO  api.test.DDTests - ****** Creating User********
2026-02-18 12:16:30 [main] INFO  api.test.DDTests - ********User Created***********
2026-02-18 12:16:30 [main] INFO  api.test.DDTests - ****** Creating User********
2026-02-18 12:16:30 [main] INFO  api.test.DDTests - ********User Created***********
2026-02-18 12:16:30 [main] INFO  api.test.DDTests - *************Getting user*************
2026-02-18 12:16:31 [main] INFO  api.test.DDTests - *************Got user Info*************
2026-02-18 12:16:31 [main] INFO  api.test.DDTests - *************Getting user*************
2026-02-18 12:16:31 [main] INFO  api.test.DDTests - *************Got user Info*************
2026-02-18 12:16:31 [main] INFO  api.test.DDTests - *************Getting user*************
2026-02-18 12:16:31 [main] INFO  api.test.DDTests - *************Got user Info*************
2026-02-18 12:16:31 [main] INFO  api.test.DDTests - *************Deleting user*************
2026-02-18 12:16:31 [main] INFO  api.test.DDTests - *************User Deleted*************
2026-02-18 12:16:31 [main] INFO  api.test.DDTests - *************Deleting user*************
2026-02-18 12:16:32 [main] INFO  api.test.DDTests - *************User Deleted*************
2026-02-18 12:16:32 [main] INFO  api.test.DDTests - *************Deleting user*************
2026-02-18 12:16:32 [main] INFO  api.test.DDTests - *************User Deleted*************
